# JRE version: OpenJDK Runtime Environment Corretto-11.0.17.8.1 (11.0.17+8) (build 11.0.17+8-LTS)
# Java VM: OpenJDK 64-Bit Server VM Corretto-11.0.17.8.1 (11.0.17+8-LTS, mixed mode, tiered, compressed oops, g1 gc, windows-amd64)
Heap:
 garbage-first heap   total 260096K, used 78439K [0x00000000e0000000, 0x0000000100000000)
  region size 1024K, 66 young (67584K), 6 survivors (6144K)
 Metaspace       used 34167K, capacity 35300K, committed 35584K, reserved 1083392K
  class space    used 4043K, capacity 4483K, committed 4608K, reserved 1048576K
GC Heap History (6 events):
Event: 0.387 GC heap before
{Heap before GC invocations=0 (full 0):
 garbage-first heap   total 260096K, used 23552K [0x00000000e0000000, 0x0000000100000000)
  region size 1024K, 24 young (24576K), 0 survivors (0K)
 Metaspace       used 13181K, capacity 13535K, committed 13824K, reserved 1060864K
  class space    used 1366K, capacity 1441K, committed 1536K, reserved 1048576K
}
Event: 0.390 GC heap after
{Heap after GC invocations=1 (full 0):
 garbage-first heap   total 260096K, used 6792K [0x00000000e0000000, 0x0000000100000000)
  region size 1024K, 3 young (3072K), 3 survivors (3072K)
 Metaspace       used 13181K, capacity 13535K, committed 13824K, reserved 1060864K
  class space    used 1366K, capacity 1441K, committed 1536K, reserved 1048576K
}
Event: 0.662 GC heap before
{Heap before GC invocations=1 (full 0):
 garbage-first heap   total 260096K, used 36488K [0x00000000e0000000, 0x0000000100000000)
  region size 1024K, 33 young (33792K), 3 survivors (3072K)
 Metaspace       used 20418K, capacity 21251K, committed 21296K, reserved 1069056K
  class space    used 2238K, capacity 2560K, committed 2560K, reserved 1048576K
}
Event: 0.667 GC heap after
{Heap after GC invocations=2 (full 0):
 garbage-first heap   total 260096K, used 10032K [0x00000000e0000000, 0x0000000100000000)
  region size 1024K, 7 young (7168K), 7 survivors (7168K)
 Metaspace       used 20418K, capacity 21251K, committed 21296K, reserved 1069056K
  class space    used 2238K, capacity 2560K, committed 2560K, reserved 1048576K
}
Event: 0.900 GC heap before
{Heap before GC invocations=3 (full 0):
 garbage-first heap   total 260096K, used 52016K [0x00000000e0000000, 0x0000000100000000)
  region size 1024K, 48 young (49152K), 7 survivors (7168K)
 Metaspace       used 25607K, capacity 26415K, committed 26496K, reserved 1073152K
  class space    used 2881K, capacity 3197K, committed 3200K, reserved 1048576K
}
Event: 0.903 GC heap after
{Heap after GC invocations=4 (full 0):
 garbage-first heap   total 260096K, used 12903K [0x00000000e0000000, 0x0000000100000000)
  region size 1024K, 6 young (6144K), 6 survivors (6144K)
 Metaspace       used 25607K, capacity 26415K, committed 26496K, reserved 1073152K
  class space    used 2881K, capacity 3197K, committed 3200K, reserved 1048576K
}

